C51 COMPILER V7.50   CODE                                                                  04/01/2021 19:27:30 PAGE 1   


C51 COMPILER V7.50, COMPILATION OF MODULE CODE
OBJECT MODULE PLACED IN code.OBJ
COMPILER INVOKED BY: C:\Keil\C51\BIN\C51.EXE code.c BROWSE DEBUG OBJECTEXTEND

line level    source

   1          #include <reg52.h>
   2          #include <intrins.h>
   3          char code str[] = "Welcome to Beijing \n\r";
   4          void send_str();
   5          main()
   6          {
   7   1       TMOD = 0x20;   // ???1???8???????, ???????
   8   1       TH1 = 0xFD;    // ???9600
   9   1       TL1 = 0xFD;
  10   1       SCON = 0x50;   // ?????????
  11   1       PCON = 0x00;   
  12   1       TR1 = 1;    // ?????1
  13   1       IE = 0;    // ??????
  14   1       while(1)
  15   1       {
  16   2        send_str();    // ????"welcome!
  17   2       }
  18   1      }
  19          void send_str()
  20          // ????
  21          {
  22   1       unsigned char i = 0;
  23   1       while(str[i] != '\0')
  24   1       {
  25   2        SBUF = str[i];   //????
  26   2        while(!TI);    // ??????
  27   2        TI = 0;     // ????????
  28   2        i++;     // ?????
  29   2       } 
  30   1      }


MODULE INFORMATION:   STATIC OVERLAYABLE
   CODE SIZE        =     44    ----
   CONSTANT SIZE    =     22    ----
   XDATA SIZE       =   ----    ----
   PDATA SIZE       =   ----    ----
   DATA SIZE        =   ----    ----
   IDATA SIZE       =   ----    ----
   BIT SIZE         =   ----    ----
END OF MODULE INFORMATION.


C51 COMPILATION COMPLETE.  0 WARNING(S),  0 ERROR(S)
