C51 COMPILER V7.50   CODE1                                                                 03/20/2021 15:12:38 PAGE 1   


C51 COMPILER V7.50, COMPILATION OF MODULE CODE1
OBJECT MODULE PLACED IN code1.OBJ
COMPILER INVOKED BY: C:\Keil\C51\BIN\C51.EXE code1.c BROWSE DEBUG OBJECTEXTEND

line level    source

   1          #include <reg52.h>
   2          unsigned char count;
   3          unsigned char i=0;
   4          sbit LS1=P1^0;
   5          sbit SW1=P1^7;
   6          unsigned char code table[]={0xfe,0xfd,0xfb,0xf7,0xef,0xdf,0xbf,0x7f,0x7f,0xbf,0xdf,0xef,0xf7,0xfb,0xfd,0xf
             -e,0x00,0xff,0x01};//??????????
   7          
   8          
   9          /******???????**********/
  10          void delay(void)
  11          {
  12   1        unsigned char m,n,s;
  13   1        for(m=20;m>0;m--)
  14   1        for(n=20;n>0;n--)
  15   1        for(s=248;s>0;s--);
  16   1      }
  17          //////////////////////////////
  18          
  19          
  20          
  21          /********?????*********/
  22          void dely500(void)
  23          {
  24   1        unsigned char i;
  25   1        for(i=250;i>0;i--);
  26   1      }
  27          /////////////////////////////
  28          
  29          void main(void)
  30          {
  31   1        while(1)
  32   1        {
  33   2          if(SW1==0)
  34   2          {
  35   3            for(count=200;count>0;count--)
  36   3            {
  37   4              
  38   4                LS1=~LS1;//???????????
  39   4              dely500();
  40   4            }   
  41   3        if (table[i]!=0x01)
  42   3            {
  43   4            P2=table[i];
  44   4               i++;
  45   4            delay();
  46   4          }
  47   3          else i=0;
  48   3        }    
  49   2        }
  50   1      }


MODULE INFORMATION:   STATIC OVERLAYABLE
   CODE SIZE        =     63    ----
C51 COMPILER V7.50   CODE1                                                                 03/20/2021 15:12:38 PAGE 2   

   CONSTANT SIZE    =     19    ----
   XDATA SIZE       =   ----    ----
   PDATA SIZE       =   ----    ----
   DATA SIZE        =      2    ----
   IDATA SIZE       =   ----    ----
   BIT SIZE         =   ----    ----
END OF MODULE INFORMATION.


C51 COMPILATION COMPLETE.  0 WARNING(S),  0 ERROR(S)
