C51 COMPILER V7.50   LAB311                                                                04/11/2021 16:31:03 PAGE 1   


C51 COMPILER V7.50, COMPILATION OF MODULE LAB311
OBJECT MODULE PLACED IN lab311.OBJ
COMPILER INVOKED BY: C:\Keil\C51\BIN\C51.EXE lab311.c BROWSE DEBUG OBJECTEXTEND

line level    source

   1          #include <reg52.h>
   2          #define uint unsigned int
   3          #define uchar unsigned char
   4          sbit P20=P2^0;
   5          sbit P21=P2^1;
   6          uchar count;
   7          uchar counth,countl;
   8          const uchar tab[]={0xc0,0xf9,0xa4,0xb0,0x99,0x92,0x82,0xf8,0x80,0x90,}; /*??0~9*/
   9          void delay()
  10          {
  11   1        uint i,j;
  12   1        for(i=0;i<256;i++);
  13   1          for(j=0;j<256;j++);
  14   1      }
  15          void int0() interrupt 0 using 0
  16          {
  17   1        count++;
  18   1        if (count==100)
  19   1        count=99;
  20   1       }
  21          void int1() interrupt 2 using 1
  22          {
  23   1       if (count!=0)
  24   1        {count--;}
  25   1       }
  26          void main(void)
  27          {
  28   1        IT0=1;
  29   1        IT1=1;
  30   1        EX0=1;
  31   1        EX1=1;
  32   1        EA=1;
  33   1        PX1=1;     
  34   1        while(1)
  35   1        { 
  36   2          counth=count/10;
  37   2          countl=count%10;
  38   2          P1=tab[counth];
  39   2          P21=1;
  40   2          delay();
  41   2          P21=0;
  42   2          P1=tab[countl];
  43   2          P20=1;
  44   2          delay();
  45   2          P20=0;
  46   2         }
  47   1      }


MODULE INFORMATION:   STATIC OVERLAYABLE
   CODE SIZE        =    124    ----
   CONSTANT SIZE    =   ----    ----
   XDATA SIZE       =   ----    ----
   PDATA SIZE       =   ----    ----
   DATA SIZE        =     13    ----
C51 COMPILER V7.50   LAB311                                                                04/11/2021 16:31:03 PAGE 2   

   IDATA SIZE       =   ----    ----
   BIT SIZE         =   ----    ----
END OF MODULE INFORMATION.


C51 COMPILATION COMPLETE.  0 WARNING(S),  0 ERROR(S)
