C51 COMPILER V7.50   CODE                                                                  04/18/2021 16:23:29 PAGE 1   


C51 COMPILER V7.50, COMPILATION OF MODULE CODE
OBJECT MODULE PLACED IN code.OBJ
COMPILER INVOKED BY: C:\Keil\C51\BIN\C51.EXE code.c BROWSE DEBUG OBJECTEXTEND

line level    source

   1          #include<reg51.h>
   2          #include<absacc.h>
   3          #define uchar unsigned char
   4          #define uint  unsigned int
   5          #define DAC0832_ON XBYTE[0x7fff]
   6          #define DAC0832_OFF XBYTE[0x3fff]
   7          uint code Num[]={0x80,0x83,0x86,0x89,0x8D,0x90,0x93,0x96,             
   8                          0x99,0x9C,0x9F,0xA2,0xA5,0xA8,0xAB,0xAE, 
   9                            0xB1,0xB4,0xB7,0xBA,0xBC,0xBF,0xC2,0xC5,
  10                          0xC7,0xCA,0xCC,0xCF,0xD1,0xD4,0xD6,0xD8,
  11                          0xDA,0xDD,0xDF,0xE1,0xE3,0xE5,0xE7,0xE9,
  12                          0xEA,0xEC,0xEE,0xEF,0xF1,0xF2,0xF4,0xF5,  
  13                          0xF6,0xF7,0xF8,0xF9,0xFA,0xFB,0xFC,0xFD,
  14                          0xFD,0xFE,0xFF,0xFF,0xFF,0xFF,0xFF,0xFF,
  15                          0xFF,0xFF,0xFF,0xFF,0xFF,0xFF,0xFE,0xFD,
  16                          0xFD,0xFC,0xFB,0xFA,0xF9,0xF8,0xF7,0xF6, 
  17                          0xF5,0xF4,0xF2,0xF1,0xEF,0xEE,0xEC,0xEA,
  18                          0xE9,0xE7,0xE5,0xE3,0xE1,0xDE,0xDD,0xDA,  
  19                          0xD8,0xD6,0xD4,0xD1,0xCF,0xCC,0xCA,0xC7, 
  20                            0xC5,0xC2,0xBF,0xBC,0xBA,0xB7,0xB4,0xB1,
  21                    0xAE,0xAB,0xA8,0xA5,0xA2,0x9F,0x9C,0x99,
  22                    0x96,0x93,0x90,0x8D,0x89,0x86,0x83,0x80,
  23                    0x80,0x7C,0x79,0x76,0x72,0x6F,0x6C,0x69, 
  24                    0x66,0x63,0x60,0x5D,0x5A,0x57,0x55,0x51,
  25                    0x4E,0x4C,0x48,0x45,0x43,0x40,0x3D,0x3A, 
  26                    0x38,0x35,0x33,0x30,0x2E,0x2B,0x29,0x27,
  27                    0x25,0x22,0x20,0x1E,0x1C,0x1A,0x18,0x16,
  28                    0x15,0x13,0x11,0x10,0x0E,0x0D,0x0B,0x0A,
  29                    0x09,0x08,0x07,0x06,0x05,0x04,0x03,0x02,
  30                    0x02,0x01,0x00,0x00,0x00,0x00,0x00,0x00,
  31                    0x00,0x00,0x00,0x00,0x00,0x00,0x01,0x02,
  32                    0x02,0x03,0x04,0x05,0x06,0x07,0x08,0x09,
  33                    0x0A,0x0B,0x0D,0x0E,0x10,0x11,0x13,0x15,
  34                    0x16,0x18,0x1A,0x1C,0x1E,0x20,0x22,0x25,
  35                    0x27,0x29,0x2B,0x2E,0x30,0x33,0x35,0x38,
  36                    0x3A,0x3D,0x40,0x43,0x45,0x48,0x4C,0x4E,
  37                    0x51,0x51,0x55,0x57,0x5A,0x5D,0x60,0x63,
  38                    0x69,0x6C,0x6F,0x72,0x76,0x79,0x7C,0x80,
  39          };
  40          
  41          main(){
  42   1        uchar i;
  43   1      
  44   1        for(i=0;i<256;i++){
  45   2          DAC0832_ON=*(Num+i);
  46   2          DAC0832_OFF=*(Num+i);
  47   2        }
  48   1      
  49   1      }


MODULE INFORMATION:   STATIC OVERLAYABLE
   CODE SIZE        =     39    ----
   CONSTANT SIZE    =    512    ----
   XDATA SIZE       =   ----    ----
C51 COMPILER V7.50   CODE                                                                  04/18/2021 16:23:29 PAGE 2   

   PDATA SIZE       =   ----    ----
   DATA SIZE        =   ----    ----
   IDATA SIZE       =   ----    ----
   BIT SIZE         =   ----    ----
END OF MODULE INFORMATION.


C51 COMPILATION COMPLETE.  0 WARNING(S),  0 ERROR(S)
